<?xml version="1.0" encoding="UTF-8"?>
<!-- Generated by org.testng.reporters.JUnitReportReporter -->
<testsuite hostname="MAVHP1220120" failures="0" tests="9" name="com.maveric.restassure.fakepi.FakeApiTest" time="10.859" errors="0" timestamp="2024-07-03T11:16:38 IST" skipped="1">
  <testcase classname="com.maveric.restassure.fakepi.FakeApiTest" name="test3" time="0.742"/>
  <testcase classname="com.maveric.restassure.fakepi.FakeApiTest" name="test4" time="1.490"/>
  <testcase classname="com.maveric.restassure.fakepi.FakeApiTest" name="test7" time="0.729"/>
  <testcase classname="com.maveric.restassure.fakepi.FakeApiTest" name="test2" time="2.228"/>
  <testcase classname="com.maveric.restassure.fakepi.FakeApiTest" name="test8" time="0.664"/>
  <testcase classname="com.maveric.restassure.fakepi.FakeApiTest" name="test9" time="0.683"/>
  <testcase classname="com.maveric.restassure.fakepi.FakeApiTest" name="test1" time="3.549"/>
  <testcase classname="com.maveric.restassure.fakepi.FakeApiTest" name="test6" time="0.774"/>
  <testcase classname="com.maveric.restassure.fakepi.FakeApiTest" name="test5">
    <skipped/>
  </testcase> <!-- test5 -->
</testsuite> <!-- com.maveric.restassure.fakepi.FakeApiTest -->
