<?xml version="1.0" encoding="UTF-8"?>
<!-- Generated by org.testng.reporters.JUnitReportReporter -->
<testsuite hostname="MAVHP1220120" failures="0" tests="9" name="com.maveric.restassure.fakepi.SecuredFakeApiTest" time="8.484" errors="0" timestamp="2024-07-03T11:17:31 IST" skipped="1">
  <testcase classname="com.maveric.restassure.fakepi.SecuredFakeApiTest" name="test3" time="0.731"/>
  <testcase classname="com.maveric.restassure.fakepi.SecuredFakeApiTest" name="test4" time="0.864"/>
  <testcase classname="com.maveric.restassure.fakepi.SecuredFakeApiTest" name="test1" time="2.221"/>
  <testcase classname="com.maveric.restassure.fakepi.SecuredFakeApiTest" name="test2" time="1.577"/>
  <testcase classname="com.maveric.restassure.fakepi.SecuredFakeApiTest" name="test8" time="0.676"/>
  <testcase classname="com.maveric.restassure.fakepi.SecuredFakeApiTest" name="test6" time="0.862"/>
  <testcase classname="com.maveric.restassure.fakepi.SecuredFakeApiTest" name="test7" time="0.778"/>
  <testcase classname="com.maveric.restassure.fakepi.SecuredFakeApiTest" name="test9" time="0.775"/>
  <testcase classname="com.maveric.restassure.fakepi.SecuredFakeApiTest" name="test5">
    <skipped/>
  </testcase> <!-- test5 -->
</testsuite> <!-- com.maveric.restassure.fakepi.SecuredFakeApiTest -->
