<?xml version="1.0" encoding="UTF-8"?>
<!-- Generated by org.testng.reporters.JUnitReportReporter -->
<testsuite hostname="MAVHP1220120" failures="0" tests="1" name="com.maveric.registration.demo.RegisterTest" time="6.026" errors="0" timestamp="2024-07-08T14:11:10 IST" skipped="0">
  <testcase classname="com.maveric.registration.demo.RegisterTest" name="test1" time="6.026"/>
</testsuite> <!-- com.maveric.registration.demo.RegisterTest -->
