<?xml version="1.0" encoding="UTF-8"?>
<!-- Generated by org.testng.reporters.JUnitReportReporter -->
<testsuite hostname="MAVHP1220120" failures="0" tests="15" name="com.maveric.restassureproj.api.RestApiTest" time="17.891" errors="0" timestamp="2024-07-11T11:13:14 IST" skipped="0">
  <testcase classname="com.maveric.restassureproj.api.RestApiTest" name="test1" time="1.580"/>
  <testcase classname="com.maveric.restassureproj.api.RestApiTest" name="test10" time="1.181"/>
  <testcase classname="com.maveric.restassureproj.api.RestApiTest" name="test8" time="0.721"/>
  <testcase classname="com.maveric.restassureproj.api.RestApiTest" name="test7" time="7.420"/>
  <testcase classname="com.maveric.restassureproj.api.RestApiTest" name="test4" time="0.375"/>
  <testcase classname="com.maveric.restassureproj.api.RestApiTest" name="test12" time="0.704"/>
  <testcase classname="com.maveric.restassureproj.api.RestApiTest" name="test5" time="0.253"/>
  <testcase classname="com.maveric.restassureproj.api.RestApiTest" name="test15" time="0.726"/>
  <testcase classname="com.maveric.restassureproj.api.RestApiTest" name="test13" time="0.700"/>
  <testcase classname="com.maveric.restassureproj.api.RestApiTest" name="test14" time="0.719"/>
  <testcase classname="com.maveric.restassureproj.api.RestApiTest" name="test2" time="0.187"/>
  <testcase classname="com.maveric.restassureproj.api.RestApiTest" name="test9" time="0.714"/>
  <testcase classname="com.maveric.restassureproj.api.RestApiTest" name="test3" time="0.890"/>
  <testcase classname="com.maveric.restassureproj.api.RestApiTest" name="test11" time="1.349"/>
  <testcase classname="com.maveric.restassureproj.api.RestApiTest" name="test6" time="0.372"/>
</testsuite> <!-- com.maveric.restassureproj.api.RestApiTest -->
