<?xml version="1.0" encoding="UTF-8"?>
<!-- Generated by org.testng.reporters.JUnitReportReporter -->
<testsuite hostname="MAVHP1220120" failures="0" tests="4" name="com.maveric.git.test.LoginTest" time="13.268" errors="0" timestamp="2024-06-21T11:58:25 IST" skipped="0">
  <testcase classname="com.maveric.git.test.LoginTest" name="test1" time="3.179"/>
  <system-out/>
  <testcase classname="com.maveric.git.test.LoginTest" name="test1" time="2.974"/>
  <system-out/>
  <testcase classname="com.maveric.git.test.LoginTest" name="test1" time="3.370"/>
  <system-out/>
  <testcase classname="com.maveric.git.test.LoginTest" name="test1" time="3.745"/>
  <system-out/>
</testsuite> <!-- com.maveric.git.test.LoginTest -->
